2013/08/26 09:16:32 [rbac] [application] PERMISO REQUERIDO:
invitado
iduser=2
tipo:rol
itemName:superAdmin

in D:\AppServ\www\got\dscba\protected\modules\cruge\components\CrugeUi.php (441)
in D:\AppServ\www\got\dscba\protected\modules\cruge\components\CrugeWebUser.php (149)
in D:\AppServ\www\got\dscba\protected\views\layouts\main.php (36)
2013/08/26 09:16:32 [rbac] [application] PERMISO REQUERIDO:
invitado
iduser=2
tipo:rol
itemName:superAdmin

in D:\AppServ\www\got\dscba\protected\modules\cruge\components\CrugeUi.php (441)
in D:\AppServ\www\got\dscba\protected\modules\cruge\components\CrugeWebUser.php (149)
in D:\AppServ\www\got\dscba\protected\views\layouts\main.php (37)
2013/08/26 09:16:42 [rbac] [application] PERMISO REQUERIDO:
invitado
iduser=2
tipo:rol
itemName:superAdmin

in D:\AppServ\www\got\dscba\protected\modules\cruge\components\CrugeUi.php (441)
in D:\AppServ\www\got\dscba\protected\modules\cruge\components\CrugeWebUser.php (149)
in D:\AppServ\www\got\dscba\protected\views\layouts\main.php (36)
2013/08/26 09:16:42 [rbac] [application] PERMISO REQUERIDO:
invitado
iduser=2
tipo:rol
itemName:superAdmin

in D:\AppServ\www\got\dscba\protected\modules\cruge\components\CrugeUi.php (441)
in D:\AppServ\www\got\dscba\protected\modules\cruge\components\CrugeWebUser.php (149)
in D:\AppServ\www\got\dscba\protected\views\layouts\main.php (37)
2013/08/26 09:16:46 [rbac] [application] PERMISO REQUERIDO:
invitado
iduser=2
tipo:operacion
itemName:action_sucursal_index

in D:\AppServ\www\got\dscba\protected\modules\cruge\components\CrugeUi.php (441)
in D:\AppServ\www\got\dscba\protected\modules\cruge\components\CrugeWebUser.php (149)
in D:\AppServ\www\got\dscba\protected\modules\cruge\components\CrugeAccessControlFilter.php (73)
2013/08/26 09:16:46 [error] [exception.CrugeException.401] action_sucursal_index<br/>401
REQUEST_URI=/got/dscba/sucursal
---
2013/08/26 09:16:46 [rbac] [application] PERMISO REQUERIDO:
invitado
iduser=2
tipo:rol
itemName:superAdmin

in D:\AppServ\www\got\dscba\protected\modules\cruge\components\CrugeUi.php (441)
in D:\AppServ\www\got\dscba\protected\modules\cruge\components\CrugeWebUser.php (149)
in D:\AppServ\www\got\dscba\protected\views\layouts\main.php (36)
2013/08/26 09:16:46 [rbac] [application] PERMISO REQUERIDO:
invitado
iduser=2
tipo:rol
itemName:superAdmin

in D:\AppServ\www\got\dscba\protected\modules\cruge\components\CrugeUi.php (441)
in D:\AppServ\www\got\dscba\protected\modules\cruge\components\CrugeWebUser.php (149)
in D:\AppServ\www\got\dscba\protected\views\layouts\main.php (37)
2013/08/26 09:17:09 [rbac] [application] PERMISO REQUERIDO:
invitado
iduser=2
tipo:rol
itemName:superAdmin

in D:\AppServ\www\got\dscba\protected\modules\cruge\components\CrugeUi.php (441)
in D:\AppServ\www\got\dscba\protected\modules\cruge\components\CrugeWebUser.php (149)
in D:\AppServ\www\got\dscba\protected\views\layouts\main.php (36)
2013/08/26 09:17:09 [rbac] [application] PERMISO REQUERIDO:
invitado
iduser=2
tipo:rol
itemName:superAdmin

in D:\AppServ\www\got\dscba\protected\modules\cruge\components\CrugeUi.php (441)
in D:\AppServ\www\got\dscba\protected\modules\cruge\components\CrugeWebUser.php (149)
in D:\AppServ\www\got\dscba\protected\views\layouts\main.php (37)
2013/08/26 09:20:34 [error] [php] Cannot modify header information - headers already sent by (output started at D:\AppServ\www\got\dscba\protected\controllers\OrdenController.php:224) (D:\AppServ\www\got\yii\framework\web\CHttpRequest.php:789)
Stack trace:
#0 D:\AppServ\www\got\dscba\protected\controllers\OrdenController.php(230): OrdenController->redirect()
#1 unknown(0): OrdenController->actionCrear()
#2 D:\AppServ\www\got\yii\framework\web\actions\CAction.php(108): ReflectionMethod->invokeArgs()
#3 D:\AppServ\www\got\yii\framework\web\actions\CInlineAction.php(47): CInlineAction->runWithParamsInternal()
#4 D:\AppServ\www\got\yii\framework\web\CController.php(308): CInlineAction->runWithParams()
#5 D:\AppServ\www\got\yii\framework\web\filters\CFilterChain.php(133): OrdenController->runAction()
#6 D:\AppServ\www\got\dscba\protected\modules\cruge\components\CrugeAccessControlFilter.php(90): CFilterChain->run()
#7 D:\AppServ\www\got\yii\framework\web\filters\CFilter.php(38): CrugeAccessControlFilter->preFilter()
#8 D:\AppServ\www\got\yii\framework\web\filters\CFilterChain.php(130): CrugeAccessControlFilter->filter()
#9 D:\AppServ\www\got\yii\framework\web\CController.php(291): CFilterChain->run()
#10 D:\AppServ\www\got\yii\framework\web\CController.php(265): OrdenController->runActionWithFilters()
#11 D:\AppServ\www\got\yii\framework\web\CWebApplication.php(282): OrdenController->run()
#12 D:\AppServ\www\got\yii\framework\web\CWebApplication.php(141): CWebApplication->runController()
#13 D:\AppServ\www\got\yii\framework\base\CApplication.php(169): CWebApplication->processRequest()
#14 D:\AppServ\www\got\dscba\index.php(13): CWebApplication->run()
REQUEST_URI=/got/dscba/orden/crear/8853
in D:\AppServ\www\got\dscba\protected\controllers\OrdenController.php (230)
in D:\AppServ\www\got\dscba\protected\modules\cruge\components\CrugeAccessControlFilter.php (90)
in D:\AppServ\www\got\dscba\index.php (13)
2013/08/26 09:21:37 [rbac] [application] PERMISO REQUERIDO:
invitado
iduser=2
tipo:rol
itemName:superAdmin

in D:\AppServ\www\got\dscba\protected\modules\cruge\components\CrugeUi.php (441)
in D:\AppServ\www\got\dscba\protected\modules\cruge\components\CrugeWebUser.php (149)
in D:\AppServ\www\got\dscba\protected\views\layouts\main.php (36)
2013/08/26 09:21:37 [rbac] [application] PERMISO REQUERIDO:
invitado
iduser=2
tipo:rol
itemName:superAdmin

in D:\AppServ\www\got\dscba\protected\modules\cruge\components\CrugeUi.php (441)
in D:\AppServ\www\got\dscba\protected\modules\cruge\components\CrugeWebUser.php (149)
in D:\AppServ\www\got\dscba\protected\views\layouts\main.php (37)
2013/08/26 09:21:41 [rbac] [application] PERMISO REQUERIDO:
silvana
iduser=5
tipo:rol
itemName:superAdmin

in D:\AppServ\www\got\dscba\protected\modules\cruge\components\CrugeUi.php (441)
in D:\AppServ\www\got\dscba\protected\modules\cruge\components\CrugeWebUser.php (149)
in D:\AppServ\www\got\dscba\protected\views\layouts\main.php (36)
2013/08/26 09:21:42 [rbac] [application] PERMISO REQUERIDO:
silvana
iduser=5
tipo:rol
itemName:superAdmin

in D:\AppServ\www\got\dscba\protected\modules\cruge\components\CrugeUi.php (441)
in D:\AppServ\www\got\dscba\protected\modules\cruge\components\CrugeWebUser.php (149)
in D:\AppServ\www\got\dscba\protected\views\layouts\main.php (37)
2013/08/26 09:22:09 [rbac] [application] PERMISO REQUERIDO:
silvana
iduser=5
tipo:rol
itemName:superAdmin

in D:\AppServ\www\got\dscba\protected\modules\cruge\components\CrugeUi.php (441)
in D:\AppServ\www\got\dscba\protected\modules\cruge\components\CrugeWebUser.php (149)
in D:\AppServ\www\got\dscba\protected\views\layouts\main.php (36)
2013/08/26 09:22:09 [rbac] [application] PERMISO REQUERIDO:
silvana
iduser=5
tipo:rol
itemName:superAdmin

in D:\AppServ\www\got\dscba\protected\modules\cruge\components\CrugeUi.php (441)
in D:\AppServ\www\got\dscba\protected\modules\cruge\components\CrugeWebUser.php (149)
in D:\AppServ\www\got\dscba\protected\views\layouts\main.php (37)
2013/08/26 09:22:10 [rbac] [application] PERMISO REQUERIDO:
invitado
iduser=2
tipo:rol
itemName:superAdmin

in D:\AppServ\www\got\dscba\protected\modules\cruge\components\CrugeUi.php (441)
in D:\AppServ\www\got\dscba\protected\modules\cruge\components\CrugeWebUser.php (149)
in D:\AppServ\www\got\dscba\protected\views\layouts\main.php (36)
2013/08/26 09:22:10 [rbac] [application] PERMISO REQUERIDO:
invitado
iduser=2
tipo:rol
itemName:superAdmin

in D:\AppServ\www\got\dscba\protected\modules\cruge\components\CrugeUi.php (441)
in D:\AppServ\www\got\dscba\protected\modules\cruge\components\CrugeWebUser.php (149)
in D:\AppServ\www\got\dscba\protected\views\layouts\main.php (37)
2013/08/26 09:23:31 [rbac] [application] PERMISO REQUERIDO:
invitado
iduser=2
tipo:rol
itemName:superAdmin

in D:\AppServ\www\got\dscba\protected\modules\cruge\components\CrugeUi.php (441)
in D:\AppServ\www\got\dscba\protected\modules\cruge\components\CrugeWebUser.php (149)
in D:\AppServ\www\got\dscba\protected\views\layouts\main.php (36)
2013/08/26 09:23:31 [rbac] [application] PERMISO REQUERIDO:
invitado
iduser=2
tipo:rol
itemName:superAdmin

in D:\AppServ\www\got\dscba\protected\modules\cruge\components\CrugeUi.php (441)
in D:\AppServ\www\got\dscba\protected\modules\cruge\components\CrugeWebUser.php (149)
in D:\AppServ\www\got\dscba\protected\views\layouts\main.php (37)
2013/08/26 09:27:39 [rbac] [application] PERMISO REQUERIDO:
invitado
iduser=2
tipo:operacion
itemName:action_orden_admin

in D:\AppServ\www\got\dscba\protected\modules\cruge\components\CrugeUi.php (441)
in D:\AppServ\www\got\dscba\protected\modules\cruge\components\CrugeWebUser.php (149)
in D:\AppServ\www\got\dscba\protected\modules\cruge\components\CrugeAccessControlFilter.php (73)
2013/08/26 09:27:39 [error] [exception.CrugeException.401] action_orden_admin<br/>401
REQUEST_URI=/got/dscba/
HTTP_REFERER=http://localhost/got/
---
2013/08/26 09:27:39 [rbac] [application] PERMISO REQUERIDO:
invitado
iduser=2
tipo:rol
itemName:superAdmin

in D:\AppServ\www\got\dscba\protected\modules\cruge\components\CrugeUi.php (441)
in D:\AppServ\www\got\dscba\protected\modules\cruge\components\CrugeWebUser.php (149)
in D:\AppServ\www\got\dscba\protected\views\layouts\main.php (36)
2013/08/26 09:27:39 [rbac] [application] PERMISO REQUERIDO:
invitado
iduser=2
tipo:rol
itemName:superAdmin

in D:\AppServ\www\got\dscba\protected\modules\cruge\components\CrugeUi.php (441)
in D:\AppServ\www\got\dscba\protected\modules\cruge\components\CrugeWebUser.php (149)
in D:\AppServ\www\got\dscba\protected\views\layouts\main.php (37)
2013/08/26 09:27:41 [rbac] [application] PERMISO REQUERIDO:
invitado
iduser=2
tipo:operacion
itemName:action_orden_admin

in D:\AppServ\www\got\dscba\protected\modules\cruge\components\CrugeUi.php (441)
in D:\AppServ\www\got\dscba\protected\modules\cruge\components\CrugeWebUser.php (149)
in D:\AppServ\www\got\dscba\protected\modules\cruge\components\CrugeAccessControlFilter.php (73)
2013/08/26 09:27:41 [error] [exception.CrugeException.401] action_orden_admin<br/>401
REQUEST_URI=/got/dscba/
HTTP_REFERER=http://localhost/got/dscba/
---
2013/08/26 09:27:41 [rbac] [application] PERMISO REQUERIDO:
invitado
iduser=2
tipo:rol
itemName:superAdmin

in D:\AppServ\www\got\dscba\protected\modules\cruge\components\CrugeUi.php (441)
in D:\AppServ\www\got\dscba\protected\modules\cruge\components\CrugeWebUser.php (149)
in D:\AppServ\www\got\dscba\protected\views\layouts\main.php (36)
2013/08/26 09:27:41 [rbac] [application] PERMISO REQUERIDO:
invitado
iduser=2
tipo:rol
itemName:superAdmin

in D:\AppServ\www\got\dscba\protected\modules\cruge\components\CrugeUi.php (441)
in D:\AppServ\www\got\dscba\protected\modules\cruge\components\CrugeWebUser.php (149)
in D:\AppServ\www\got\dscba\protected\views\layouts\main.php (37)
2013/08/26 09:27:43 [rbac] [application] PERMISO REQUERIDO:
invitado
iduser=2
tipo:rol
itemName:superAdmin

in D:\AppServ\www\got\dscba\protected\modules\cruge\components\CrugeUi.php (441)
in D:\AppServ\www\got\dscba\protected\modules\cruge\components\CrugeWebUser.php (149)
in D:\AppServ\www\got\dscba\protected\views\layouts\main.php (36)
2013/08/26 09:27:43 [rbac] [application] PERMISO REQUERIDO:
invitado
iduser=2
tipo:rol
itemName:superAdmin

in D:\AppServ\www\got\dscba\protected\modules\cruge\components\CrugeUi.php (441)
in D:\AppServ\www\got\dscba\protected\modules\cruge\components\CrugeWebUser.php (149)
in D:\AppServ\www\got\dscba\protected\views\layouts\main.php (37)
2013/08/26 09:29:05 [rbac] [application] PERMISO REQUERIDO:
invitado
iduser=2
tipo:rol
itemName:superAdmin

in D:\AppServ\www\got\dscba\protected\modules\cruge\components\CrugeUi.php (441)
in D:\AppServ\www\got\dscba\protected\modules\cruge\components\CrugeWebUser.php (149)
in D:\AppServ\www\got\dscba\protected\views\layouts\main.php (36)
2013/08/26 09:29:05 [rbac] [application] PERMISO REQUERIDO:
invitado
iduser=2
tipo:rol
itemName:superAdmin

in D:\AppServ\www\got\dscba\protected\modules\cruge\components\CrugeUi.php (441)
in D:\AppServ\www\got\dscba\protected\modules\cruge\components\CrugeWebUser.php (149)
in D:\AppServ\www\got\dscba\protected\views\layouts\main.php (37)
2013/08/26 09:29:09 [error] [application] UiController
CrugeUser->validate es false
<div class="errorSummary"><p>Por favor corrija los siguientes errores de ingreso:</p>
<ul>
<li>clave invalida</li>
</ul></div>
in D:\AppServ\www\got\dscba\protected\modules\cruge\controllers\UiController.php (158)
in D:\AppServ\www\got\dscba\index.php (13)
2013/08/26 09:29:09 [rbac] [application] PERMISO REQUERIDO:
invitado
iduser=2
tipo:rol
itemName:superAdmin

in D:\AppServ\www\got\dscba\protected\modules\cruge\components\CrugeUi.php (441)
in D:\AppServ\www\got\dscba\protected\modules\cruge\components\CrugeWebUser.php (149)
in D:\AppServ\www\got\dscba\protected\views\layouts\main.php (36)
2013/08/26 09:29:09 [rbac] [application] PERMISO REQUERIDO:
invitado
iduser=2
tipo:rol
itemName:superAdmin

in D:\AppServ\www\got\dscba\protected\modules\cruge\components\CrugeUi.php (441)
in D:\AppServ\www\got\dscba\protected\modules\cruge\components\CrugeWebUser.php (149)
in D:\AppServ\www\got\dscba\protected\views\layouts\main.php (37)
2013/08/26 09:29:15 [rbac] [application] PERMISO REQUERIDO:
mradom
iduser=8
tipo:operacion
itemName:admin

in D:\AppServ\www\got\dscba\protected\modules\cruge\components\CrugeUi.php (441)
in D:\AppServ\www\got\dscba\protected\modules\cruge\components\CrugeWebUser.php (149)
in D:\AppServ\www\got\dscba\protected\modules\cruge\views\layouts\ui.php (29)
2013/08/26 09:50:53 [rbac] [application] PERMISO REQUERIDO:
invitado
iduser=2
tipo:rol
itemName:superAdmin

in D:\AppServ\www\got\dscba\protected\modules\cruge\components\CrugeUi.php (441)
in D:\AppServ\www\got\dscba\protected\modules\cruge\components\CrugeWebUser.php (149)
in D:\AppServ\www\got\dscba\protected\views\layouts\main.php (36)
2013/08/26 09:50:53 [rbac] [application] PERMISO REQUERIDO:
invitado
iduser=2
tipo:rol
itemName:superAdmin

in D:\AppServ\www\got\dscba\protected\modules\cruge\components\CrugeUi.php (441)
in D:\AppServ\www\got\dscba\protected\modules\cruge\components\CrugeWebUser.php (149)
in D:\AppServ\www\got\dscba\protected\views\layouts\main.php (37)
2013/08/26 09:50:58 [error] [application] UiController
CrugeUser->validate es false
<div class="errorSummary"><p>Por favor corrija los siguientes errores de ingreso:</p>
<ul>
<li>clave invalida</li>
</ul></div>
in D:\AppServ\www\got\dscba\protected\modules\cruge\controllers\UiController.php (158)
in D:\AppServ\www\got\dscba\index.php (13)
2013/08/26 09:50:58 [rbac] [application] PERMISO REQUERIDO:
invitado
iduser=2
tipo:rol
itemName:superAdmin

in D:\AppServ\www\got\dscba\protected\modules\cruge\components\CrugeUi.php (441)
in D:\AppServ\www\got\dscba\protected\modules\cruge\components\CrugeWebUser.php (149)
in D:\AppServ\www\got\dscba\protected\views\layouts\main.php (36)
2013/08/26 09:50:58 [rbac] [application] PERMISO REQUERIDO:
invitado
iduser=2
tipo:rol
itemName:superAdmin

in D:\AppServ\www\got\dscba\protected\modules\cruge\components\CrugeUi.php (441)
in D:\AppServ\www\got\dscba\protected\modules\cruge\components\CrugeWebUser.php (149)
in D:\AppServ\www\got\dscba\protected\views\layouts\main.php (37)
2013/08/26 09:51:05 [rbac] [application] PERMISO REQUERIDO:
invitado
iduser=2
tipo:rol
itemName:superAdmin

in D:\AppServ\www\got\dscba\protected\modules\cruge\components\CrugeUi.php (441)
in D:\AppServ\www\got\dscba\protected\modules\cruge\components\CrugeWebUser.php (149)
in D:\AppServ\www\got\dscba\protected\views\layouts\main.php (36)
2013/08/26 09:51:05 [rbac] [application] PERMISO REQUERIDO:
invitado
iduser=2
tipo:rol
itemName:superAdmin

in D:\AppServ\www\got\dscba\protected\modules\cruge\components\CrugeUi.php (441)
in D:\AppServ\www\got\dscba\protected\modules\cruge\components\CrugeWebUser.php (149)
in D:\AppServ\www\got\dscba\protected\views\layouts\main.php (37)
2013/08/26 09:51:09 [rbac] [application] PERMISO REQUERIDO:
invitado
iduser=2
tipo:operacion
itemName:action_aparato_index

in D:\AppServ\www\got\dscba\protected\modules\cruge\components\CrugeUi.php (441)
in D:\AppServ\www\got\dscba\protected\modules\cruge\components\CrugeWebUser.php (149)
in D:\AppServ\www\got\dscba\protected\modules\cruge\components\CrugeAccessControlFilter.php (73)
2013/08/26 09:51:09 [rbac] [application] PERMISO REQUERIDO:
invitado
iduser=2
tipo:rol
itemName:superAdmin

in D:\AppServ\www\got\dscba\protected\modules\cruge\components\CrugeUi.php (441)
in D:\AppServ\www\got\dscba\protected\modules\cruge\components\CrugeWebUser.php (149)
in D:\AppServ\www\got\dscba\protected\views\layouts\main.php (36)
2013/08/26 09:51:09 [rbac] [application] PERMISO REQUERIDO:
invitado
iduser=2
tipo:rol
itemName:superAdmin

in D:\AppServ\www\got\dscba\protected\modules\cruge\components\CrugeUi.php (441)
in D:\AppServ\www\got\dscba\protected\modules\cruge\components\CrugeWebUser.php (149)
in D:\AppServ\www\got\dscba\protected\views\layouts\main.php (37)
2013/08/26 09:52:50 [rbac] [application] PERMISO REQUERIDO:
invitado
iduser=2
tipo:operacion
itemName:action_aparato_index

in D:\AppServ\www\got\dscba\protected\modules\cruge\components\CrugeUi.php (441)
in D:\AppServ\www\got\dscba\protected\modules\cruge\components\CrugeWebUser.php (149)
in D:\AppServ\www\got\dscba\protected\modules\cruge\components\CrugeAccessControlFilter.php (73)
2013/08/26 09:52:50 [error] [exception.CrugeException.401] action_aparato_index<br/>401
REQUEST_URI=/got/dscba/aparato
---
2013/08/26 09:52:50 [rbac] [application] PERMISO REQUERIDO:
invitado
iduser=2
tipo:rol
itemName:superAdmin

in D:\AppServ\www\got\dscba\protected\modules\cruge\components\CrugeUi.php (441)
in D:\AppServ\www\got\dscba\protected\modules\cruge\components\CrugeWebUser.php (149)
in D:\AppServ\www\got\dscba\protected\views\layouts\main.php (36)
2013/08/26 09:52:50 [rbac] [application] PERMISO REQUERIDO:
invitado
iduser=2
tipo:rol
itemName:superAdmin

in D:\AppServ\www\got\dscba\protected\modules\cruge\components\CrugeUi.php (441)
in D:\AppServ\www\got\dscba\protected\modules\cruge\components\CrugeWebUser.php (149)
in D:\AppServ\www\got\dscba\protected\views\layouts\main.php (37)
2013/08/26 09:52:52 [rbac] [application] PERMISO REQUERIDO:
invitado
iduser=2
tipo:operacion
itemName:action_aparato_index

in D:\AppServ\www\got\dscba\protected\modules\cruge\components\CrugeUi.php (441)
in D:\AppServ\www\got\dscba\protected\modules\cruge\components\CrugeWebUser.php (149)
in D:\AppServ\www\got\dscba\protected\modules\cruge\components\CrugeAccessControlFilter.php (73)
2013/08/26 09:52:52 [error] [exception.CrugeException.401] action_aparato_index<br/>401
REQUEST_URI=/got/dscba/aparato
---
2013/08/26 09:52:52 [rbac] [application] PERMISO REQUERIDO:
invitado
iduser=2
tipo:rol
itemName:superAdmin

in D:\AppServ\www\got\dscba\protected\modules\cruge\components\CrugeUi.php (441)
in D:\AppServ\www\got\dscba\protected\modules\cruge\components\CrugeWebUser.php (149)
in D:\AppServ\www\got\dscba\protected\views\layouts\main.php (36)
2013/08/26 09:52:52 [rbac] [application] PERMISO REQUERIDO:
invitado
iduser=2
tipo:rol
itemName:superAdmin

in D:\AppServ\www\got\dscba\protected\modules\cruge\components\CrugeUi.php (441)
in D:\AppServ\www\got\dscba\protected\modules\cruge\components\CrugeWebUser.php (149)
in D:\AppServ\www\got\dscba\protected\views\layouts\main.php (37)
2013/08/26 10:01:43 [rbac] [application] PERMISO REQUERIDO:
invitado
iduser=2
tipo:rol
itemName:superAdmin

in D:\AppServ\www\got\dscba\protected\modules\cruge\components\CrugeUi.php (441)
in D:\AppServ\www\got\dscba\protected\modules\cruge\components\CrugeWebUser.php (149)
in D:\AppServ\www\got\dscba\protected\views\layouts\main.php (36)
2013/08/26 10:01:43 [rbac] [application] PERMISO REQUERIDO:
invitado
iduser=2
tipo:rol
itemName:superAdmin

in D:\AppServ\www\got\dscba\protected\modules\cruge\components\CrugeUi.php (441)
in D:\AppServ\www\got\dscba\protected\modules\cruge\components\CrugeWebUser.php (149)
in D:\AppServ\www\got\dscba\protected\views\layouts\main.php (37)
2013/08/26 14:36:57 [rbac] [application] PERMISO REQUERIDO:
invitado
iduser=2
tipo:rol
itemName:superAdmin

in D:\AppServ\www\got\dscba\protected\modules\cruge\components\CrugeUi.php (441)
in D:\AppServ\www\got\dscba\protected\modules\cruge\components\CrugeWebUser.php (149)
in D:\AppServ\www\got\dscba\protected\views\layouts\main.php (36)
2013/08/26 14:36:57 [rbac] [application] PERMISO REQUERIDO:
invitado
iduser=2
tipo:rol
itemName:superAdmin

in D:\AppServ\www\got\dscba\protected\modules\cruge\components\CrugeUi.php (441)
in D:\AppServ\www\got\dscba\protected\modules\cruge\components\CrugeWebUser.php (149)
in D:\AppServ\www\got\dscba\protected\views\layouts\main.php (37)
2013/08/26 14:38:42 [error] [php] htmlspecialchars() expects parameter 1 to be string, object given (D:\AppServ\www\got\yii\framework\web\helpers\CHtml.php:98)
Stack trace:
#0 D:\AppServ\www\got\yii\framework\web\helpers\CHtml.php(153): renderAttributes()
#1 D:\AppServ\www\got\yii\framework\web\helpers\CHtml.php(1983): tag()
#2 D:\AppServ\www\got\yii\framework\web\helpers\CHtml.php(1257): activeInputField()
#3 D:\AppServ\www\got\yii\framework\zii\widgets\grid\CDataColumn.php(97): activeTextField()
#4 D:\AppServ\www\got\yii\framework\zii\widgets\grid\CGridColumn.php(109): CDataColumn->renderFilterCellContent()
#5 D:\AppServ\www\got\yii\framework\zii\widgets\grid\CGridView.php(505): CDataColumn->renderFilterCell()
#6 D:\AppServ\www\got\yii\framework\zii\widgets\grid\CGridView.php(483): CGridView->renderFilter()
#7 D:\AppServ\www\got\yii\framework\zii\widgets\grid\CGridView.php(453): CGridView->renderTableHeader()
#8 D:\AppServ\www\got\yii\framework\zii\widgets\CBaseListView.php(160): CGridView->renderItems()
#9 unknown(0): CGridView->renderSection()
#10 D:\AppServ\www\got\yii\framework\zii\widgets\CBaseListView.php(143): preg_replace_callback()
#11 D:\AppServ\www\got\yii\framework\zii\widgets\CBaseListView.php(128): CGridView->renderContent()
#12 D:\AppServ\www\got\yii\framework\web\CBaseController.php(173): CGridView->run()
#13 D:\AppServ\www\got\dscba\protected\views\orden\admin.php(107): OrdenController->widget()
#14 D:\AppServ\www\got\yii\framework\web\CBaseController.php(126): require()
#15 D:\AppServ\www\got\yii\framework\web\CBaseController.php(95): OrdenController->renderInternal()
#16 D:\AppServ\www\got\yii\framework\web\CController.php(869): OrdenController->renderFile()
#17 D:\AppServ\www\got\yii\framework\web\CController.php(782): OrdenController->renderPartial()
#18 D:\AppServ\www\got\dscba\protected\controllers\OrdenController.php(170): OrdenController->render()
#19 D:\AppServ\www\got\yii\framework\web\actions\CInlineAction.php(49): OrdenController->actionAdmin()
#20 D:\AppServ\www\got\yii\framework\web\CController.php(308): CInlineAction->runWithParams()
#21 D:\AppServ\www\got\yii\framework\web\filters\CFilterChain.php(133): OrdenController->runAction()
#22 D:\AppServ\www\got\dscba\protected\modules\cruge\components\CrugeAccessControlFilter.php(90): CFilterChain->run()
#23 D:\AppServ\www\got\yii\framework\web\filters\CFilter.php(38): CrugeAccessControlFilter->preFilter()
#24 D:\AppServ\www\got\yii\framework\web\filters\CFilterChain.php(130): CrugeAccessControlFilter->filter()
#25 D:\AppServ\www\got\yii\framework\web\CController.php(291): CFilterChain->run()
#26 D:\AppServ\www\got\yii\framework\web\CController.php(265): OrdenController->runActionWithFilters()
#27 D:\AppServ\www\got\yii\framework\web\CWebApplication.php(282): OrdenController->run()
#28 D:\AppServ\www\got\yii\framework\web\CWebApplication.php(141): CWebApplication->runController()
#29 D:\AppServ\www\got\yii\framework\base\CApplication.php(169): CWebApplication->processRequest()
#30 D:\AppServ\www\got\dscba\index.php(13): CWebApplication->run()
REQUEST_URI=/got/dscba/orden/admin
in D:\AppServ\www\got\dscba\protected\views\orden\admin.php (107)
in D:\AppServ\www\got\dscba\protected\controllers\OrdenController.php (170)
in D:\AppServ\www\got\dscba\protected\modules\cruge\components\CrugeAccessControlFilter.php (90)
2013/08/26 14:39:15 [rbac] [application] PERMISO REQUERIDO:
invitado
iduser=2
tipo:rol
itemName:superAdmin

in D:\AppServ\www\got\dscba\protected\modules\cruge\components\CrugeUi.php (441)
in D:\AppServ\www\got\dscba\protected\modules\cruge\components\CrugeWebUser.php (149)
in D:\AppServ\www\got\dscba\protected\views\layouts\main.php (36)
2013/08/26 14:39:15 [rbac] [application] PERMISO REQUERIDO:
invitado
iduser=2
tipo:rol
itemName:superAdmin

in D:\AppServ\www\got\dscba\protected\modules\cruge\components\CrugeUi.php (441)
in D:\AppServ\www\got\dscba\protected\modules\cruge\components\CrugeWebUser.php (149)
in D:\AppServ\www\got\dscba\protected\views\layouts\main.php (37)
2013/08/26 14:39:42 [rbac] [application] PERMISO REQUERIDO:
invitado
iduser=2
tipo:rol
itemName:superAdmin

in D:\AppServ\www\got\dscba\protected\modules\cruge\components\CrugeUi.php (441)
in D:\AppServ\www\got\dscba\protected\modules\cruge\components\CrugeWebUser.php (149)
in D:\AppServ\www\got\dscba\protected\views\layouts\main.php (36)
2013/08/26 14:39:42 [rbac] [application] PERMISO REQUERIDO:
invitado
iduser=2
tipo:rol
itemName:superAdmin

in D:\AppServ\www\got\dscba\protected\modules\cruge\components\CrugeUi.php (441)
in D:\AppServ\www\got\dscba\protected\modules\cruge\components\CrugeWebUser.php (149)
in D:\AppServ\www\got\dscba\protected\views\layouts\main.php (37)
2013/08/26 16:22:35 [rbac] [application] PERMISO REQUERIDO:
invitado
iduser=2
tipo:rol
itemName:superAdmin

in D:\AppServ\www\got\dscba\protected\modules\cruge\components\CrugeUi.php (441)
in D:\AppServ\www\got\dscba\protected\modules\cruge\components\CrugeWebUser.php (149)
in D:\AppServ\www\got\dscba\protected\views\layouts\main.php (36)
2013/08/26 16:22:35 [rbac] [application] PERMISO REQUERIDO:
invitado
iduser=2
tipo:rol
itemName:superAdmin

in D:\AppServ\www\got\dscba\protected\modules\cruge\components\CrugeUi.php (441)
in D:\AppServ\www\got\dscba\protected\modules\cruge\components\CrugeWebUser.php (149)
in D:\AppServ\www\got\dscba\protected\views\layouts\main.php (37)
2013/08/26 16:22:40 [rbac] [application] PERMISO REQUERIDO:
invitado
iduser=2
tipo:rol
itemName:superAdmin

in D:\AppServ\www\got\dscba\protected\modules\cruge\components\CrugeUi.php (441)
in D:\AppServ\www\got\dscba\protected\modules\cruge\components\CrugeWebUser.php (149)
in D:\AppServ\www\got\dscba\protected\views\layouts\main.php (36)
2013/08/26 16:22:40 [rbac] [application] PERMISO REQUERIDO:
invitado
iduser=2
tipo:rol
itemName:superAdmin

in D:\AppServ\www\got\dscba\protected\modules\cruge\components\CrugeUi.php (441)
in D:\AppServ\www\got\dscba\protected\modules\cruge\components\CrugeWebUser.php (149)
in D:\AppServ\www\got\dscba\protected\views\layouts\main.php (37)
2013/08/26 16:27:06 [error] [exception.CHttpException.404] exception 'CHttpException' with message 'No es posible resolver la solicitud "/cruge/ui/login"' in D:\AppServ\www\got\yii\framework\web\CWebApplication.php:286
Stack trace:
#0 D:\AppServ\www\got\yii\framework\web\CWebApplication.php(141): CWebApplication->runController('')
#1 D:\AppServ\www\got\yii\framework\base\CApplication.php(169): CWebApplication->processRequest()
#2 D:\AppServ\www\got\dscba\index.php(13): CApplication->run()
#3 {main}
REQUEST_URI=/got/dscba/
---
2013/08/26 16:27:09 [rbac] [application] PERMISO REQUERIDO:
invitado
iduser=2
tipo:rol
itemName:superAdmin

in D:\AppServ\www\got\dscba\protected\modules\cruge\components\CrugeUi.php (441)
in D:\AppServ\www\got\dscba\protected\modules\cruge\components\CrugeWebUser.php (149)
in D:\AppServ\www\got\dscba\protected\views\layouts\main.php (36)
2013/08/26 16:27:09 [rbac] [application] PERMISO REQUERIDO:
invitado
iduser=2
tipo:rol
itemName:superAdmin

in D:\AppServ\www\got\dscba\protected\modules\cruge\components\CrugeUi.php (441)
in D:\AppServ\www\got\dscba\protected\modules\cruge\components\CrugeWebUser.php (149)
in D:\AppServ\www\got\dscba\protected\views\layouts\main.php (37)
2013/08/26 16:27:12 [error] [exception.CHttpException.404] exception 'CHttpException' with message 'No es posible resolver la solicitud "/cruge/ui/login"' in D:\AppServ\www\got\yii\framework\web\CWebApplication.php:286
Stack trace:
#0 D:\AppServ\www\got\yii\framework\web\CWebApplication.php(141): CWebApplication->runController('')
#1 D:\AppServ\www\got\yii\framework\base\CApplication.php(169): CWebApplication->processRequest()
#2 D:\AppServ\www\got\dscba\index.php(13): CApplication->run()
#3 {main}
REQUEST_URI=/got/dscba/
---
2013/08/26 16:27:13 [rbac] [application] PERMISO REQUERIDO:
invitado
iduser=2
tipo:rol
itemName:superAdmin

in D:\AppServ\www\got\dscba\protected\modules\cruge\components\CrugeUi.php (441)
in D:\AppServ\www\got\dscba\protected\modules\cruge\components\CrugeWebUser.php (149)
in D:\AppServ\www\got\dscba\protected\views\layouts\main.php (36)
2013/08/26 16:27:13 [rbac] [application] PERMISO REQUERIDO:
invitado
iduser=2
tipo:rol
itemName:superAdmin

in D:\AppServ\www\got\dscba\protected\modules\cruge\components\CrugeUi.php (441)
in D:\AppServ\www\got\dscba\protected\modules\cruge\components\CrugeWebUser.php (149)
in D:\AppServ\www\got\dscba\protected\views\layouts\main.php (37)
2013/08/26 16:27:13 [error] [exception.CHttpException.404] exception 'CHttpException' with message 'No es posible resolver la solicitud "/cruge/ui/login"' in D:\AppServ\www\got\yii\framework\web\CWebApplication.php:286
Stack trace:
#0 D:\AppServ\www\got\yii\framework\web\CWebApplication.php(141): CWebApplication->runController('')
#1 D:\AppServ\www\got\yii\framework\base\CApplication.php(169): CWebApplication->processRequest()
#2 D:\AppServ\www\got\dscba\index.php(13): CApplication->run()
#3 {main}
REQUEST_URI=/got/dscba/
---
2013/08/26 16:27:13 [rbac] [application] PERMISO REQUERIDO:
invitado
iduser=2
tipo:rol
itemName:superAdmin

in D:\AppServ\www\got\dscba\protected\modules\cruge\components\CrugeUi.php (441)
in D:\AppServ\www\got\dscba\protected\modules\cruge\components\CrugeWebUser.php (149)
in D:\AppServ\www\got\dscba\protected\views\layouts\main.php (36)
2013/08/26 16:27:13 [rbac] [application] PERMISO REQUERIDO:
invitado
iduser=2
tipo:rol
itemName:superAdmin

in D:\AppServ\www\got\dscba\protected\modules\cruge\components\CrugeUi.php (441)
in D:\AppServ\www\got\dscba\protected\modules\cruge\components\CrugeWebUser.php (149)
in D:\AppServ\www\got\dscba\protected\views\layouts\main.php (37)
2013/08/26 16:27:16 [error] [exception.CHttpException.404] exception 'CHttpException' with message 'No es posible resolver la solicitud "/cruge/ui/login"' in D:\AppServ\www\got\yii\framework\web\CWebApplication.php:286
Stack trace:
#0 D:\AppServ\www\got\yii\framework\web\CWebApplication.php(141): CWebApplication->runController('')
#1 D:\AppServ\www\got\yii\framework\base\CApplication.php(169): CWebApplication->processRequest()
#2 D:\AppServ\www\got\dscba\index.php(13): CApplication->run()
#3 {main}
REQUEST_URI=/got/dscba/
---
2013/08/26 16:27:16 [rbac] [application] PERMISO REQUERIDO:
invitado
iduser=2
tipo:rol
itemName:superAdmin

in D:\AppServ\www\got\dscba\protected\modules\cruge\components\CrugeUi.php (441)
in D:\AppServ\www\got\dscba\protected\modules\cruge\components\CrugeWebUser.php (149)
in D:\AppServ\www\got\dscba\protected\views\layouts\main.php (36)
2013/08/26 16:27:16 [rbac] [application] PERMISO REQUERIDO:
invitado
iduser=2
tipo:rol
itemName:superAdmin

in D:\AppServ\www\got\dscba\protected\modules\cruge\components\CrugeUi.php (441)
in D:\AppServ\www\got\dscba\protected\modules\cruge\components\CrugeWebUser.php (149)
in D:\AppServ\www\got\dscba\protected\views\layouts\main.php (37)
